[16:57:26] [Server thread/INFO]: Starting minecraft server version 1.12
[16:57:26] [Server thread/INFO]: Loading properties
[16:57:26] [Server thread/INFO]: Default game type: SURVIVAL
[16:57:26] [Server thread/INFO]: This server is running CraftBukkit version git-Spigot-596221b-9a1fc1e (MC: 1.12) (Implementing API version 1.12-R0.1-SNAPSHOT)
[16:57:26] [Server thread/INFO]: Debug logging is disabled
[16:57:26] [Server thread/INFO]: Server Ping Player Sample Count: 12
[16:57:26] [Server thread/INFO]: Using 4 threads for Netty based IO
[16:57:26] [Server thread/INFO]: Generating keypair
[16:57:27] [Server thread/INFO]: Starting Minecraft server on *:25565
[16:57:27] [Server thread/INFO]: Using default channel type
[16:57:27] [Server thread/WARN]: **** SERVER IS RUNNING IN OFFLINE/INSECURE MODE!
[16:57:27] [Server thread/WARN]: The server will make no attempt to authenticate usernames. Beware.
[16:57:27] [Server thread/WARN]: While this makes the game possible to play without internet access, it also opens up the ability for hackers to connect with any username they choose.
[16:57:27] [Server thread/WARN]: To change this, set "online-mode" to "true" in the server.properties file.
[16:57:27] [Server thread/INFO]: **** Beginning UUID conversion, this may take A LONG time ****
[16:57:27] [Server thread/INFO]: Preparing level "world"
[16:57:27] [Server thread/INFO]: -------- World Settings For [world] --------
[16:57:27] [Server thread/INFO]: Item Merge Radius: 2.5
[16:57:27] [Server thread/INFO]: Item Despawn Rate: 6000
[16:57:27] [Server thread/INFO]: Allow Zombie Pigmen to spawn from portal blocks: true
[16:57:27] [Server thread/INFO]: Arrow Despawn Rate: 1200
[16:57:27] [Server thread/INFO]: Zombie Aggressive Towards Villager: true
[16:57:27] [Server thread/INFO]: Nerfing mobs spawned from spawners: false
[16:57:27] [Server thread/INFO]: View Distance: 10
[16:57:27] [Server thread/INFO]: Experience Merge Radius: 3.0
[16:57:27] [Server thread/INFO]: Custom Map Seeds:  Village: 10387312 Feature: 14357617 Monument: 10387313 Slime: 987234911
[16:57:27] [Server thread/INFO]: Max TNT Explosions: 100
[16:57:27] [Server thread/INFO]: Entity Tracking Range: Pl 48 / An 48 / Mo 48 / Mi 32 / Other 64
[16:57:27] [Server thread/INFO]: Random Lighting Updates: false
[16:57:27] [Server thread/INFO]: Hopper Transfer: 8 Hopper Check: 1 Hopper Amount: 1
[16:57:27] [Server thread/INFO]: Cactus Growth Modifier: 100%
[16:57:27] [Server thread/INFO]: Cane Growth Modifier: 100%
[16:57:27] [Server thread/INFO]: Melon Growth Modifier: 100%
[16:57:27] [Server thread/INFO]: Mushroom Growth Modifier: 100%
[16:57:27] [Server thread/INFO]: Pumpkin Growth Modifier: 100%
[16:57:27] [Server thread/INFO]: Sapling Growth Modifier: 100%
[16:57:27] [Server thread/INFO]: Wheat Growth Modifier: 100%
[16:57:27] [Server thread/INFO]: NetherWart Growth Modifier: 100%
[16:57:27] [Server thread/INFO]: Vine Growth Modifier: 100%
[16:57:27] [Server thread/INFO]: Cocoa Growth Modifier: 100%
[16:57:27] [Server thread/INFO]: Structure Info Saving: true
[16:57:27] [Server thread/INFO]: Tile Max Tick Time: 50ms Entity max Tick Time: 50ms
[16:57:27] [Server thread/INFO]: Entity Activation Range: An 32 / Mo 32 / Mi 16
[16:57:27] [Server thread/INFO]: Mob Spawn Range: 4
[16:57:27] [Server thread/INFO]: -------- World Settings For [world_nether] --------
[16:57:27] [Server thread/INFO]: Item Merge Radius: 2.5
[16:57:27] [Server thread/INFO]: Item Despawn Rate: 6000
[16:57:27] [Server thread/INFO]: Allow Zombie Pigmen to spawn from portal blocks: true
[16:57:27] [Server thread/INFO]: Arrow Despawn Rate: 1200
[16:57:27] [Server thread/INFO]: Zombie Aggressive Towards Villager: true
[16:57:27] [Server thread/INFO]: Nerfing mobs spawned from spawners: false
[16:57:27] [Server thread/INFO]: View Distance: 10
[16:57:27] [Server thread/INFO]: Experience Merge Radius: 3.0
[16:57:27] [Server thread/INFO]: Custom Map Seeds:  Village: 10387312 Feature: 14357617 Monument: 10387313 Slime: 987234911
[16:57:27] [Server thread/INFO]: Max TNT Explosions: 100
[16:57:27] [Server thread/INFO]: Entity Tracking Range: Pl 48 / An 48 / Mo 48 / Mi 32 / Other 64
[16:57:27] [Server thread/INFO]: Random Lighting Updates: false
[16:57:27] [Server thread/INFO]: Hopper Transfer: 8 Hopper Check: 1 Hopper Amount: 1
[16:57:27] [Server thread/INFO]: Cactus Growth Modifier: 100%
[16:57:27] [Server thread/INFO]: Cane Growth Modifier: 100%
[16:57:27] [Server thread/INFO]: Melon Growth Modifier: 100%
[16:57:27] [Server thread/INFO]: Mushroom Growth Modifier: 100%
[16:57:27] [Server thread/INFO]: Pumpkin Growth Modifier: 100%
[16:57:27] [Server thread/INFO]: Sapling Growth Modifier: 100%
[16:57:27] [Server thread/INFO]: Wheat Growth Modifier: 100%
[16:57:27] [Server thread/INFO]: NetherWart Growth Modifier: 100%
[16:57:27] [Server thread/INFO]: Vine Growth Modifier: 100%
[16:57:27] [Server thread/INFO]: Cocoa Growth Modifier: 100%
[16:57:27] [Server thread/INFO]: Structure Info Saving: true
[16:57:27] [Server thread/INFO]: Tile Max Tick Time: 50ms Entity max Tick Time: 50ms
[16:57:27] [Server thread/INFO]: Entity Activation Range: An 32 / Mo 32 / Mi 16
[16:57:27] [Server thread/INFO]: Mob Spawn Range: 4
[16:57:27] [Server thread/INFO]: -------- World Settings For [world_the_end] --------
[16:57:27] [Server thread/INFO]: Item Merge Radius: 2.5
[16:57:27] [Server thread/INFO]: Item Despawn Rate: 6000
[16:57:27] [Server thread/INFO]: Allow Zombie Pigmen to spawn from portal blocks: true
[16:57:27] [Server thread/INFO]: Arrow Despawn Rate: 1200
[16:57:27] [Server thread/INFO]: Zombie Aggressive Towards Villager: true
[16:57:27] [Server thread/INFO]: Nerfing mobs spawned from spawners: false
[16:57:27] [Server thread/INFO]: View Distance: 10
[16:57:27] [Server thread/INFO]: Experience Merge Radius: 3.0
[16:57:27] [Server thread/INFO]: Custom Map Seeds:  Village: 10387312 Feature: 14357617 Monument: 10387313 Slime: 987234911
[16:57:27] [Server thread/INFO]: Max TNT Explosions: 100
[16:57:27] [Server thread/INFO]: Entity Tracking Range: Pl 48 / An 48 / Mo 48 / Mi 32 / Other 64
[16:57:27] [Server thread/INFO]: Random Lighting Updates: false
[16:57:27] [Server thread/INFO]: Hopper Transfer: 8 Hopper Check: 1 Hopper Amount: 1
[16:57:27] [Server thread/INFO]: Cactus Growth Modifier: 100%
[16:57:27] [Server thread/INFO]: Cane Growth Modifier: 100%
[16:57:27] [Server thread/INFO]: Melon Growth Modifier: 100%
[16:57:27] [Server thread/INFO]: Mushroom Growth Modifier: 100%
[16:57:27] [Server thread/INFO]: Pumpkin Growth Modifier: 100%
[16:57:27] [Server thread/INFO]: Sapling Growth Modifier: 100%
[16:57:27] [Server thread/INFO]: Wheat Growth Modifier: 100%
[16:57:27] [Server thread/INFO]: NetherWart Growth Modifier: 100%
[16:57:27] [Server thread/INFO]: Vine Growth Modifier: 100%
[16:57:27] [Server thread/INFO]: Cocoa Growth Modifier: 100%
[16:57:27] [Server thread/INFO]: Structure Info Saving: true
[16:57:27] [Server thread/INFO]: Tile Max Tick Time: 50ms Entity max Tick Time: 50ms
[16:57:27] [Server thread/INFO]: Entity Activation Range: An 32 / Mo 32 / Mi 16
[16:57:27] [Server thread/INFO]: Mob Spawn Range: 4
[16:57:27] [Server thread/INFO]: Preparing start region for level 0 (Seed: 5620329147308119644)
[16:57:28] [Server thread/INFO]: Preparing start region for level 1 (Seed: 5620329147308119644)
[16:57:29] [Server thread/INFO]: Preparing start region for level 2 (Seed: 5620329147308119644)
[16:57:29] [Server thread/INFO]: Server permissions file permissions.yml is empty, ignoring it
[16:57:29] [Server thread/INFO]: Done (2.217s)! For help, type "help" or "?"
[16:57:48] [User Authenticator #1/INFO]: UUID of player mari1208 is e215c0ce-ab65-32a8-bbc6-f89eb37419fa
[16:57:48] [Server thread/INFO]: mari1208[/127.0.0.1:52311] logged in with entity id 574 at ([world]193.5, 64.0, 225.5)
[16:58:31] [Server thread/INFO]: mari1208 issued server command: /
[16:59:12] [Async Chat Thread - #0/INFO]: <mari1208> R[m
[17:02:22] [Server thread/INFO]: Set the time to 1
[17:19:45] [Server thread/INFO]: Set the time to 1
[17:29:16] [Server thread/INFO]: mari1208 lost connection: Internal Exception: java.io.IOException: An existing connection was forcibly closed by the remote host
[17:29:16] [Server thread/INFO]: mari1208 left the game
